<?xml version="1.0" encoding="UTF-8"?>
<!-- Generated by org.testng.reporters.JUnitReportReporter -->
<testsuite hostname="AZU-DESK-019" name="fuseplmsel.FuseSprint" tests="1" failures="0" timestamp="17 May 2017 13:52:17 GMT" time="264.564" errors="0">
  <testcase name="product" time="264.564" classname="fuseplmsel.FuseSprint"/>
</testsuite> <!-- fuseplmsel.FuseSprint -->
