<?xml version="1.0" encoding="UTF-8"?>
<!-- Generated by org.testng.reporters.JUnitReportReporter -->
<testsuite skipped="0" hostname="AZU-DESK-019" name="fusepackage.Local" tests="5" failures="0" timestamp="10 Jul 2017 05:21:58 GMT" time="0.023" errors="0">
  <testcase name="bike2" time="0.005" classname="fusepackage.Local"/>
  <testcase name="Sedan1" time="0.004" classname="fusepackage.Local"/>
  <testcase name="Car1" time="0.007" classname="fusepackage.Local"/>
  <testcase name="Van2" time="0.002" classname="fusepackage.Local"/>
  <testcase name="Scooter1" time="0.005" classname="fusepackage.Local"/>
</testsuite> <!-- fusepackage.Local -->
