<?xml version="1.0" encoding="UTF-8"?>
<!-- Generated by org.testng.reporters.JUnitReportReporter -->
<testsuite skipped="0" hostname="Anitha" name="fusepackage.DocumentTest" tests="1" failures="0" timestamp="22 Jun 2017 08:32:50 GMT" time="31.895" errors="0">
  <testcase name="document" time="31.895" classname="fusepackage.DocumentTest"/>
</testsuite> <!-- fusepackage.DocumentTest -->
