<?xml version="1.0" encoding="UTF-8"?>
<!-- Generated by org.testng.reporters.JUnitReportReporter -->
<testsuite hostname="AZU-DESK-019" name="fusepackage.FuseBoards" tests="1" failures="0" timestamp="23 May 2017 13:42:41 GMT" time="68.280" errors="0">
  <testcase name="boards" time="68.280" classname="fusepackage.FuseBoards"/>
</testsuite> <!-- fusepackage.FuseBoards -->
